C:\Program Files (x86)\Microsoft Visual Studio\2019\Professional\MSBuild\Microsoft\VC\v160\Microsoft.CppBuild.targets(491,5): warning MSB8028: The intermediate directory (x64\Release\) contains files shared from another project (ConsoleApplication5.vcxproj).  This can lead to incorrect clean and rebuild behavior.
  ConsoleApplication5.cpp
D:\Projects\Tensorflow_C_Api_Ssd\tf_2x\tensorflow\include\tensorflow\c\c_api.h(944,68): warning C4190: 'TF_NewWhile' has C-linkage specified, but returns UDT 'TF_WhileParams' which is incompatible with C
D:\Projects\Tensorflow_C_Api_Ssd\tf_2x\tensorflow\include\tensorflow\c\c_api.h(900): message : see declaration of 'TF_WhileParams'
D:\Projects\Tensorflow_C_Api_Ssd\tf_2x\ConsoleApplication5\ConsoleApplication5.cpp(135,2): warning C4267: 'argument': conversion from 'size_t' to 'int', possible loss of data
D:\Projects\Tensorflow_C_Api_Ssd\tf_2x\ConsoleApplication5\ConsoleApplication5.cpp(153,191): warning C4244: 'argument': conversion from 'float_t' to '_Tp', possible loss of data
          with
          [
              _Tp=int
          ]
D:\Projects\Tensorflow_C_Api_Ssd\tf_2x\ConsoleApplication5\ConsoleApplication5.cpp(153,135): warning C4244: 'argument': conversion from 'float_t' to '_Tp', possible loss of data
          with
          [
              _Tp=int
          ]
D:\Projects\Tensorflow_C_Api_Ssd\tf_2x\ConsoleApplication5\ConsoleApplication5.cpp(153,79): warning C4244: 'argument': conversion from 'float_t' to '_Tp', possible loss of data
          with
          [
              _Tp=int
          ]
D:\Projects\Tensorflow_C_Api_Ssd\tf_2x\ConsoleApplication5\ConsoleApplication5.cpp(153,46): warning C4244: 'argument': conversion from 'float_t' to '_Tp', possible loss of data
          with
          [
              _Tp=int
          ]
  Generating code
  26 of 268 functions ( 9.7%) were compiled, the rest were copied from previous compilation.
    5 functions were new in current compilation
    12 functions had inline decision re-evaluated but remain unchanged
  Finished generating code
  ConsoleApplication5.vcxproj -> D:\Projects\Tensorflow_C_Api_Ssd\tf_2x\x64\Release\Tensorflow_C_api_SSD.exe
